<?xml version="1.0" encoding="UTF-8"?>
<!-- Generated by org.testng.reporters.JUnitReportReporter -->
<testsuite hostname="DESKTOP-GUK581E" failures="0" tests="5" name="com.runner.TestRunner" time="9.315" errors="0" timestamp="2021-12-23T22:04:42 IST" skipped="0">
  <testcase classname="com.runner.TestRunner" name="runScenario" time="6.635"/>
  <system-out/>
  <testcase classname="com.runner.TestRunner" name="runScenario" time="0.579"/>
  <system-out/>
  <testcase classname="com.runner.TestRunner" name="runScenario" time="1.223"/>
  <system-out/>
  <testcase classname="com.runner.TestRunner" name="runScenario" time="0.415"/>
  <system-out/>
  <testcase classname="com.runner.TestRunner" name="runScenario" time="0.463"/>
  <system-out/>
</testsuite> <!-- com.runner.TestRunner -->
